  Element.cpp
D:\VSProject\StudentControlSystem\StudentControlSystem\Element.cpp(115,28): warning C4267: “=”: 从“size_t”转换到“int”，可能丢失数据
D:\VSProject\StudentControlSystem\StudentControlSystem\Element.cpp(153,32): warning C4267: “=”: 从“size_t”转换到“int”，可能丢失数据
D:\VSProject\StudentControlSystem\StudentControlSystem\Element.cpp(172,36): warning C4267: “=”: 从“size_t”转换到“int”，可能丢失数据
D:\VSProject\StudentControlSystem\StudentControlSystem\Element.cpp(236,48): warning C4244: “=”: 从“float”转换到“_Ty”，可能丢失数据
D:\VSProject\StudentControlSystem\StudentControlSystem\Element.cpp(236,48): warning C4244:         with
D:\VSProject\StudentControlSystem\StudentControlSystem\Element.cpp(236,48): warning C4244:         [
D:\VSProject\StudentControlSystem\StudentControlSystem\Element.cpp(236,48): warning C4244:             _Ty=int
D:\VSProject\StudentControlSystem\StudentControlSystem\Element.cpp(236,48): warning C4244:         ]
D:\VSProject\StudentControlSystem\StudentControlSystem\Element.cpp(249,25): warning C4267: “初始化”: 从“size_t”转换到“int”，可能丢失数据
D:\VSProject\StudentControlSystem\StudentControlSystem\Element.cpp(336,62): warning C4244: “=”: 从“double”转换到“int”，可能丢失数据
  StudentControlSystem.cpp
D:\Microsoft Visual Studio\2022\Community\VC\Tools\MSVC\14.43.34808\include\xutility(4829,18): warning C4244: “=”: 从“const wchar_t”转换到“char”，可能丢失数据
  (编译源文件“StudentControlSystem.cpp”)
      D:\Microsoft Visual Studio\2022\Community\VC\Tools\MSVC\14.43.34808\include\xutility(4829,18):
      模板实例化上下文(最早的实例化上下文)为
          D:\VSProject\StudentControlSystem\StudentControlSystem\StudentControlSystem.cpp(69,47):
          查看对正在编译的函数 模板 实例化“std::basic_string<char,std::char_traits<char>,std::allocator<char>>::basic_string<std::_String_const_iterator<std::_String_val<std::_Simple_types<_Elem>>>,0>(_Iter,_Iter,const _Alloc &)”的引用
          with
          [
              _Elem=wchar_t,
              _Iter=std::_String_const_iterator<std::_String_val<std::_Simple_types<wchar_t>>>,
              _Alloc=std::allocator<char>
          ]
              D:\VSProject\StudentControlSystem\StudentControlSystem\StudentControlSystem.cpp(69,35):
              请参阅 "main::<lambda_6>::operator ()" 中对 "std::basic_string<char,std::char_traits<char>,std::allocator<char>>::basic_string" 的第一个引用
          D:\Microsoft Visual Studio\2022\Community\VC\Tools\MSVC\14.43.34808\include\xstring(788,17):
          查看对正在编译的函数 模板 实例化“void std::basic_string<char,std::char_traits<char>,std::allocator<char>>::_Construct_from_iter<const wchar_t*,const wchar_t*,_Size_type>(_Iter,const _Sent,_Size)”的引用
          with
          [
              _Size_type=unsigned __int64,
              _Iter=const wchar_t *,
              _Sent=const wchar_t *,
              _Size=unsigned __int64
          ]
          D:\Microsoft Visual Studio\2022\Community\VC\Tools\MSVC\14.43.34808\include\xstring(944,18):
          查看对正在编译的函数 模板 实例化“_OutIt *std::_Copy_n_unchecked4<const wchar_t*,_Size,char*>(_InIt,_SizeTy,_OutIt)”的引用
          with
          [
              _OutIt=char *,
              _Size=unsigned __int64,
              _InIt=const wchar_t *,
              _SizeTy=unsigned __int64
          ]
  
  StudentList.cpp
  Widget.cpp
  正在生成代码...
  StudentControlSystem.vcxproj -> D:\VSProject\StudentControlSystem\x64\Debug\StudentControlSystem.exe
